IMPORTANT! Eviction policy is volatile-lru. It should be "noeviction"
IMPORTANT! Eviction policy is volatile-lru. It should be "noeviction"
IMPORTANT! Eviction policy is volatile-lru. It should be "noeviction"
❌ Worker error: Error: read ECONNRESET
    at TCP.onStreamRead (node:internal/stream_base_commons:216:20) {
  errno: -4077,
  code: 'ECONNRESET',
  syscall: 'read'
}
node:events:486
      throw er; // Unhandled 'error' event
      ^

Error: read ECONNRESET
    at TCP.onStreamRead (node:internal/stream_base_commons:216:20)
Emitted 'error' event on Class instance at:
    at RedisSocket.<anonymous> (E:\Akash\Web_project\Artibots\ERP_@\Backend\node_modules\@redis\client\dist\lib\client\index.js:469:18)
    at RedisSocket.emit (node:events:508:28)
    at #onSocketError (E:\Akash\Web_project\Artibots\ERP_@\Backend\node_modules\@redis\client\dist\lib\client\socket.js:241:14)
    at Socket.<anonymous> (E:\Akash\Web_project\Artibots\ERP_@\Backend\node_modules\@redis\client\dist\lib\client\socket.js:228:54)
    at Object.onceWrapper (node:events:623:26)
    at Socket.emit (node:events:508:28)
    at emitErrorNT (node:internal/streams/destroy:170:8)
    at emitErrorCloseNT (node:internal/streams/destroy:129:3)
    at process.processTicksAndRejections (node:internal/process/task_queues:89:21) {
  errno: -4077,
  code: 'ECONNRESET',
  syscall: 'read'
}

Node.js v24.11.1
